Using pre-set license
Built from '2020.3/staging' branch; Version is '2020.3.3f1 (76626098c1c4) revision 7758432'; Using compiler version '192528614'; Build Type 'Release'
OS: 'Windows 10 Home; OS build 19042.1237; Version 2009; 64bit' Language: 'en' Physical Memory: 32699 MB
BatchMode: 1, IsHumanControllingUs: 0, StartBugReporterOnCrash: 0, Is64bit: 1, IsPro: 0

 COMMAND LINE ARGUMENTS:
C:\Program Files\Unity\Hub\Editor\2020.3.3f1\Editor\Unity.exe
-adb2
-batchMode
-noUpm
-name
AssetImportWorker0
-projectPath
E:/Yliopisto toita/GitHub/RTS AI Project/RTS-AI-Project-Unity
-logFile
Logs/AssetImportWorker0.log
-srvPort
54312
Successfully changed project path to: E:/Yliopisto toita/GitHub/RTS AI Project/RTS-AI-Project-Unity
E:/Yliopisto toita/GitHub/RTS AI Project/RTS-AI-Project-Unity
Using Asset Import Pipeline V2.
Refreshing native plugins compatible for Editor in 20.76 ms, found 0 plugins.
Preloading 0 native plugins for Editor in 0.00 ms.
Initialize engine version: 2020.3.3f1 (76626098c1c4)
[Subsystems] Discovering subsystems at path C:/Program Files/Unity/Hub/Editor/2020.3.3f1/Editor/Data/Resources/UnitySubsystems
[Subsystems] Discovering subsystems at path E:/Yliopisto toita/GitHub/RTS AI Project/RTS-AI-Project-Unity/Assets
GfxDevice: creating device client; threaded=0
Direct3D:
    Version:  Direct3D 11.0 [level 11.1]
    Renderer: NVIDIA GeForce GTX 1060 6GB (ID=0x1c03)
    Vendor:   
    VRAM:     6052 MB
    Driver:   27.21.14.6647
Initialize mono
Mono path[0] = 'C:/Program Files/Unity/Hub/Editor/2020.3.3f1/Editor/Data/Managed'
Mono path[1] = 'C:/Program Files/Unity/Hub/Editor/2020.3.3f1/Editor/Data/MonoBleedingEdge/lib/mono/unityjit'
Mono config path = 'C:/Program Files/Unity/Hub/Editor/2020.3.3f1/Editor/Data/MonoBleedingEdge/etc'
Using monoOptions --debugger-agent=transport=dt_socket,embedding=1,server=y,suspend=n,address=127.0.0.1:56896
Begin MonoManager ReloadAssembly
Registering precompiled unity dll's ...
Register platform support module: C:/Program Files/Unity/Hub/Editor/2020.3.3f1/Editor/Data/PlaybackEngines/WebGLSupport/UnityEditor.WebGL.Extensions.dll
Register platform support module: C:/Program Files/Unity/Hub/Editor/2020.3.3f1/Editor/Data/PlaybackEngines/MacStandaloneSupport/UnityEditor.OSXStandalone.Extensions.dll
Register platform support module: C:/Program Files/Unity/Hub/Editor/2020.3.3f1/Editor/Data/PlaybackEngines/WindowsStandaloneSupport/UnityEditor.WindowsStandalone.Extensions.dll
Register platform support module: C:/Program Files/Unity/Hub/Editor/2020.3.3f1/Editor/Data/PlaybackEngines/LinuxStandaloneSupport/UnityEditor.LinuxStandalone.Extensions.dll
Register platform support module: C:/Program Files/Unity/Hub/Editor/2020.3.3f1/Editor/Data/PlaybackEngines/LuminSupport/UnityEditor.Lumin.Extensions.dll
Registered in 0.003247 seconds.
Native extension for Lumin target not found
Native extension for LinuxStandalone target not found
Native extension for WindowsStandalone target not found
Native extension for OSXStandalone target not found
Native extension for WebGL target not found
Refreshing native plugins compatible for Editor in 21.67 ms, found 0 plugins.
Preloading 0 native plugins for Editor in 0.00 ms.
Invoked RoslynAnalysisRunner static constructor.
RoslynAnalysisRunner will not be running.
RoslynAnalysisRunner has terminated.
Mono: successfully reloaded assembly
- Completed reload, in  1.916 seconds
Platform modules already initialized, skipping
Registering precompiled user dll's ...
Registered in 0.000352 seconds.
Begin MonoManager ReloadAssembly
Native extension for Lumin target not found
Native extension for LinuxStandalone target not found
Native extension for WindowsStandalone target not found
Native extension for OSXStandalone target not found
Native extension for WebGL target not found
Refreshing native plugins compatible for Editor in 0.20 ms, found 0 plugins.
Preloading 0 native plugins for Editor in 0.00 ms.
Invoked RoslynAnalysisRunner static constructor.
RoslynAnalysisRunner will not be running.
RoslynAnalysisRunner has terminated.
Mono: successfully reloaded assembly
- Completed reload, in  0.705 seconds
Platform modules already initialized, skipping
========================================================================
Worker process is ready to serve import requests
Launched and connected shader compiler UnityShaderCompiler.exe after 0.04 seconds
Refreshing native plugins compatible for Editor in 0.29 ms, found 0 plugins.
Preloading 0 native plugins for Editor in 0.00 ms.
Unloading 1119 Unused Serialized files (Serialized files now loaded: 0)
System memory in use before: 57.3 MB.
System memory in use after: 57.3 MB.

Unloading 10 unused Assets to reduce memory usage. Loaded Objects now: 1561.
Total: 2.136500 ms (FindLiveObjects: 0.316700 ms CreateObjectMapping: 0.064900 ms MarkObjects: 1.680500 ms  DeleteObjects: 0.072300 ms)

========================================================================
Received Import Request.
  path: Assets/Scripts/ActionCenter.cs
  artifactKey: Guid(50123d585f97e984a9a73cb738a647d9) Importer(815301076,1909f56bfc062723c751e8b465ee728b)
Start importing Assets/Scripts/ActionCenter.cs using Guid(50123d585f97e984a9a73cb738a647d9) Importer(815301076,1909f56bfc062723c751e8b465ee728b)  -> (artifact id: '08b6fb8f07e2a197e7b9c7da638e96a1') in 0.023122 seconds
  Import took 0.062307 seconds .

========================================================================
Received Import Request.
  Time since last request: 31.172825 seconds.
  path: Assets/Scenes
  artifactKey: Guid(3698c64858ad6b74482c058b3318a8f9) Importer(815301076,1909f56bfc062723c751e8b465ee728b)
Start importing Assets/Scenes using Guid(3698c64858ad6b74482c058b3318a8f9) Importer(815301076,1909f56bfc062723c751e8b465ee728b)  -> (artifact id: '9dd78498dc3ce8b722c63244d4d10e6e') in 0.001306 seconds
  Import took 0.002758 seconds .

========================================================================
Received Import Request.
  Time since last request: 19.954690 seconds.
  path: Assets/Scenes/Worker 1.unity
  artifactKey: Guid(cb2cdd6ab0cf2d144af9a3cfbdce44d7) Importer(815301076,1909f56bfc062723c751e8b465ee728b)
Start importing Assets/Scenes/Worker 1.unity using Guid(cb2cdd6ab0cf2d144af9a3cfbdce44d7) Importer(815301076,1909f56bfc062723c751e8b465ee728b)  -> (artifact id: 'dd9201bc1237d6a27d212021aa1104cf') in 0.007849 seconds
  Import took 0.009634 seconds .

========================================================================
Received Import Request.
  Time since last request: 61.009790 seconds.
  path: Assets/Scenes/Worker 1.unity
  artifactKey: Guid(cb2cdd6ab0cf2d144af9a3cfbdce44d7) Importer(815301076,1909f56bfc062723c751e8b465ee728b)
Start importing Assets/Scenes/Worker 1.unity using Guid(cb2cdd6ab0cf2d144af9a3cfbdce44d7) Importer(815301076,1909f56bfc062723c751e8b465ee728b)  -> (artifact id: '3893ed06405b4bd164ae5145748b2430') in 0.001449 seconds
  Import took 0.003206 seconds .

AssetImportWorkerClient::OnTransportError - code=2 error=End of file
