Using pre-set license
Built from '2020.3/staging' branch; Version is '2020.3.3f1 (76626098c1c4) revision 7758432'; Using compiler version '192528614'; Build Type 'Release'
OS: 'Windows 10 Home; OS build 19042.1237; Version 2009; 64bit' Language: 'en' Physical Memory: 32699 MB
BatchMode: 1, IsHumanControllingUs: 0, StartBugReporterOnCrash: 0, Is64bit: 1, IsPro: 0

 COMMAND LINE ARGUMENTS:
C:\Program Files\Unity\Hub\Editor\2020.3.3f1\Editor\Unity.exe
-adb2
-batchMode
-noUpm
-name
AssetImportWorker0
-projectPath
E:/Yliopisto toita/GitHub/RTS AI Project/RTS-AI-Project-Unity
-logFile
Logs/AssetImportWorker0.log
-srvPort
59287
Successfully changed project path to: E:/Yliopisto toita/GitHub/RTS AI Project/RTS-AI-Project-Unity
E:/Yliopisto toita/GitHub/RTS AI Project/RTS-AI-Project-Unity
Using Asset Import Pipeline V2.
Refreshing native plugins compatible for Editor in 20.74 ms, found 0 plugins.
Preloading 0 native plugins for Editor in 0.00 ms.
Initialize engine version: 2020.3.3f1 (76626098c1c4)
[Subsystems] Discovering subsystems at path C:/Program Files/Unity/Hub/Editor/2020.3.3f1/Editor/Data/Resources/UnitySubsystems
[Subsystems] Discovering subsystems at path E:/Yliopisto toita/GitHub/RTS AI Project/RTS-AI-Project-Unity/Assets
GfxDevice: creating device client; threaded=0
Direct3D:
    Version:  Direct3D 11.0 [level 11.1]
    Renderer: NVIDIA GeForce GTX 1060 6GB (ID=0x1c03)
    Vendor:   
    VRAM:     6052 MB
    Driver:   27.21.14.6647
Initialize mono
Mono path[0] = 'C:/Program Files/Unity/Hub/Editor/2020.3.3f1/Editor/Data/Managed'
Mono path[1] = 'C:/Program Files/Unity/Hub/Editor/2020.3.3f1/Editor/Data/MonoBleedingEdge/lib/mono/unityjit'
Mono config path = 'C:/Program Files/Unity/Hub/Editor/2020.3.3f1/Editor/Data/MonoBleedingEdge/etc'
Using monoOptions --debugger-agent=transport=dt_socket,embedding=1,server=y,suspend=n,address=127.0.0.1:56472
Begin MonoManager ReloadAssembly
Registering precompiled unity dll's ...
Register platform support module: C:/Program Files/Unity/Hub/Editor/2020.3.3f1/Editor/Data/PlaybackEngines/WebGLSupport/UnityEditor.WebGL.Extensions.dll
Register platform support module: C:/Program Files/Unity/Hub/Editor/2020.3.3f1/Editor/Data/PlaybackEngines/MacStandaloneSupport/UnityEditor.OSXStandalone.Extensions.dll
Register platform support module: C:/Program Files/Unity/Hub/Editor/2020.3.3f1/Editor/Data/PlaybackEngines/WindowsStandaloneSupport/UnityEditor.WindowsStandalone.Extensions.dll
Register platform support module: C:/Program Files/Unity/Hub/Editor/2020.3.3f1/Editor/Data/PlaybackEngines/LinuxStandaloneSupport/UnityEditor.LinuxStandalone.Extensions.dll
Register platform support module: C:/Program Files/Unity/Hub/Editor/2020.3.3f1/Editor/Data/PlaybackEngines/LuminSupport/UnityEditor.Lumin.Extensions.dll
Registered in 0.002992 seconds.
Native extension for Lumin target not found
Native extension for LinuxStandalone target not found
Native extension for WindowsStandalone target not found
Native extension for OSXStandalone target not found
Native extension for WebGL target not found
Refreshing native plugins compatible for Editor in 21.73 ms, found 0 plugins.
Preloading 0 native plugins for Editor in 0.00 ms.
Invoked RoslynAnalysisRunner static constructor.
RoslynAnalysisRunner will not be running.
RoslynAnalysisRunner has terminated.
Mono: successfully reloaded assembly
- Completed reload, in  1.887 seconds
Platform modules already initialized, skipping
Registering precompiled user dll's ...
Registered in 0.000356 seconds.
Begin MonoManager ReloadAssembly
Native extension for Lumin target not found
Native extension for LinuxStandalone target not found
Native extension for WindowsStandalone target not found
Native extension for OSXStandalone target not found
Native extension for WebGL target not found
Refreshing native plugins compatible for Editor in 0.20 ms, found 0 plugins.
Preloading 0 native plugins for Editor in 0.00 ms.
Invoked RoslynAnalysisRunner static constructor.
RoslynAnalysisRunner will not be running.
RoslynAnalysisRunner has terminated.
Mono: successfully reloaded assembly
- Completed reload, in  0.703 seconds
Platform modules already initialized, skipping
========================================================================
Worker process is ready to serve import requests
Launched and connected shader compiler UnityShaderCompiler.exe after 0.03 seconds
Refreshing native plugins compatible for Editor in 0.19 ms, found 0 plugins.
Preloading 0 native plugins for Editor in 0.00 ms.
Unloading 1119 Unused Serialized files (Serialized files now loaded: 0)
System memory in use before: 57.3 MB.
System memory in use after: 57.3 MB.

Unloading 10 unused Assets to reduce memory usage. Loaded Objects now: 1561.
Total: 1.827600 ms (FindLiveObjects: 0.130300 ms CreateObjectMapping: 0.024900 ms MarkObjects: 1.595600 ms  DeleteObjects: 0.075700 ms)

========================================================================
Received Import Request.
  path: Assets/Materials
  artifactKey: Guid(065393bd1f1e26d4ea845ca8d0eca37a) Importer(815301076,1909f56bfc062723c751e8b465ee728b)
Start importing Assets/Materials using Guid(065393bd1f1e26d4ea845ca8d0eca37a) Importer(815301076,1909f56bfc062723c751e8b465ee728b)  -> (artifact id: '22015caa0700ef6d8553b943a895c009') in 0.002965 seconds
  Import took 0.004517 seconds .

========================================================================
Received Import Request.
  Time since last request: 57.222709 seconds.
  path: Assets/Materials/Floor.mat
  artifactKey: Guid(a611769794d813241808285c71796c57) Importer(815301076,1909f56bfc062723c751e8b465ee728b)
Start importing Assets/Materials/Floor.mat using Guid(a611769794d813241808285c71796c57) Importer(815301076,1909f56bfc062723c751e8b465ee728b)  -> (artifact id: '7b9a114261480b369c30dc7085594f82') in 0.095562 seconds
  Import took 0.097309 seconds .

========================================================================
Received Import Request.
  Time since last request: 5.683157 seconds.
  path: Assets/Materials/Base.mat
  artifactKey: Guid(9dc01e1b720cf674c880b8af1a8caeb9) Importer(815301076,1909f56bfc062723c751e8b465ee728b)
Start importing Assets/Materials/Base.mat using Guid(9dc01e1b720cf674c880b8af1a8caeb9) Importer(815301076,1909f56bfc062723c751e8b465ee728b)  -> (artifact id: 'd0d4a6d5d503ae8007aad9d49e085df8') in 0.008410 seconds
  Import took 0.010165 seconds .

========================================================================
Received Import Request.
  Time since last request: 7.616681 seconds.
  path: Assets/Materials/Ingredient.mat
  artifactKey: Guid(b9728a34b0475ef4f8f9df3ab2340fc3) Importer(815301076,1909f56bfc062723c751e8b465ee728b)
Start importing Assets/Materials/Ingredient.mat using Guid(b9728a34b0475ef4f8f9df3ab2340fc3) Importer(815301076,1909f56bfc062723c751e8b465ee728b)  -> (artifact id: '323ac801e1d114f5a141f59b9f903c4c') in 0.007383 seconds
  Import took 0.009237 seconds .

========================================================================
Received Import Request.
  Time since last request: 14.474490 seconds.
  path: Assets/Materials/Worker.mat
  artifactKey: Guid(a36f93c489b0e654f919aaaf3e0ebf2e) Importer(815301076,1909f56bfc062723c751e8b465ee728b)
Start importing Assets/Materials/Worker.mat using Guid(a36f93c489b0e654f919aaaf3e0ebf2e) Importer(815301076,1909f56bfc062723c751e8b465ee728b)  -> (artifact id: '7b9106940caf9ad3c1aaf625f3abd769') in 0.008938 seconds
  Import took 0.010764 seconds .

========================================================================
Received Prepare
Registering precompiled user dll's ...
Registered in 0.000557 seconds.
Begin MonoManager ReloadAssembly
Native extension for Lumin target not found
Native extension for LinuxStandalone target not found
Native extension for WindowsStandalone target not found
Native extension for OSXStandalone target not found
Native extension for WebGL target not found
Refreshing native plugins compatible for Editor in 0.20 ms, found 0 plugins.
Preloading 0 native plugins for Editor in 0.00 ms.
Invoked RoslynAnalysisRunner static constructor.
RoslynAnalysisRunner will not be running.
RoslynAnalysisRunner has terminated.
Mono: successfully reloaded assembly
- Completed reload, in  0.670 seconds
Platform modules already initialized, skipping
Refreshing native plugins compatible for Editor in 0.20 ms, found 0 plugins.
Preloading 0 native plugins for Editor in 0.00 ms.
Unloading 1114 Unused Serialized files (Serialized files now loaded: 0)
System memory in use before: 60.5 MB.
System memory in use after: 60.6 MB.

Unloading 5 unused Assets to reduce memory usage. Loaded Objects now: 1604.
Total: 1.459500 ms (FindLiveObjects: 0.137500 ms CreateObjectMapping: 0.024200 ms MarkObjects: 1.249300 ms  DeleteObjects: 0.047500 ms)

